[15-05-27 12:26:56]accessor_two.ClassOneImplBase ("a2c1")
[15-05-27 12:26:56]accessor_two.ClassOneImpl.methodOne:a2c1: params(RemoteCall!:300.1) return: -300.1
[15-05-27 12:26:56]accessor_two.ClassOneImpl.methodOne.SomeException112: Param2 cant be negative!
[15-05-27 12:26:56]accessor_two.ClassOneImpl.methodOne:a2c1: params(RemoteCall!:0.0) return: 0.0
[15-05-27 12:26:56]accessor_two.ClassOneImpl.methodTwo.SomeException304: Param2 cant be negative!
[15-05-27 12:26:56]accessor_two.ClassOneImpl.methodTwo.SomeException304: Param2 cant be positive!
[15-05-27 12:29:52]accessor_two.ClassOneImplBase ("a2c1")
[15-05-27 12:29:52]accessor_two.ClassOneImpl.methodOne:a2c1: params(RemoteCall!:300.1) return: -300.1
[15-05-27 12:29:52]accessor_two.ClassOneImpl.methodOne.SomeException112: Param2 cant be negative!
[15-05-27 12:29:52]accessor_two.ClassOneImpl.methodOne:a2c1: params(RemoteCall!:0.0) return: 0.0
[15-05-27 12:29:52]accessor_two.ClassOneImpl.methodTwo.SomeException304: Param2 cant be negative!
[15-05-27 12:29:52]accessor_two.ClassOneImpl.methodTwo.SomeException304: Param2 cant be positive!
[15-05-27 12:44:38]accessor_two.ClassOneImplBase ("a2c1")
[15-05-27 12:44:38]accessor_two.ClassOneImpl.methodOne:a2c1: params(RemoteCall!:300.1) return: -300.1
[15-05-27 12:44:38]accessor_two.ClassOneImpl.methodOne.SomeException112: Param2 cant be negative!
[15-05-27 12:44:38]accessor_two.ClassOneImpl.methodOne:a2c1: params(RemoteCall!:0.0) return: 0.0
[15-05-27 12:44:38]accessor_two.ClassOneImpl.methodTwo.SomeException304: Param2 cant be negative!
[15-05-27 12:44:38]accessor_two.ClassOneImpl.methodTwo.SomeException304: Param2 cant be positive!
[15-05-27 01:02:39]accessor_two.ClassOneImplBase ("a2c1")
[15-05-27 01:02:39]accessor_two.ClassOneImpl.methodOne:a2c1: params(RemoteCall!:300.1) return: -300.1
[15-05-27 01:02:39]accessor_two.ClassOneImpl.methodOne.SomeException112: Param2 cant be negative!
[15-05-27 01:02:39]accessor_two.ClassOneImpl.methodOne:a2c1: params(RemoteCall!:0.0) return: 0.0
[15-05-27 01:02:39]accessor_two.ClassOneImpl.methodTwo.SomeException304: Param2 cant be negative!
[15-05-27 01:02:39]accessor_two.ClassOneImpl.methodTwo.SomeException304: Param2 cant be positive!
[15-05-27 01:05:56]accessor_two.ClassOneImplBase ("a2c1")
[15-05-27 01:05:56]accessor_two.ClassOneImpl.methodOne:a2c1: params(RemoteCall!:300.1) return: -300.1
[15-05-27 01:05:56]accessor_two.ClassOneImpl.methodOne.SomeException112: Param2 cant be negative!
[15-05-27 01:05:56]accessor_two.ClassOneImpl.methodOne:a2c1: params(RemoteCall!:0.0) return: 0.0
[15-05-27 01:05:56]accessor_two.ClassOneImpl.methodTwo.SomeException304: Param2 cant be negative!
[15-05-27 01:05:56]accessor_two.ClassOneImpl.methodTwo.SomeException304: Param2 cant be positive!
[15-05-27 01:38:07]accessor_two.ClassOneImplBase ("a2c1")
[15-05-27 01:38:07]accessor_two.ClassOneImpl.methodOne:a2c1: params(RemoteCall!:300.1) return: -300.1
[15-05-27 01:38:07]accessor_two.ClassOneImpl.methodOne.SomeException112: Param2 cant be negative!
[15-05-27 01:38:07]accessor_two.ClassOneImpl.methodOne:a2c1: params(RemoteCall!:0.0) return: 0.0
[15-05-27 01:38:07]accessor_two.ClassOneImpl.methodTwo.SomeException304: Param2 cant be negative!
[15-05-27 01:38:07]accessor_two.ClassOneImpl.methodTwo.SomeException304: Param2 cant be positive!
[15-05-27 01:42:00]accessor_two.ClassOneImplBase ("a2c1")
[15-05-27 01:42:00]accessor_two.ClassOneImpl.methodOne:a2c1: params(RemoteCall!:300.1) return: -300.1
[15-05-27 01:42:00]accessor_two.ClassOneImpl.methodOne.SomeException112: Param2 cant be negative!
[15-05-27 01:42:00]accessor_two.ClassOneImpl.methodOne:a2c1: params(RemoteCall!:0.0) return: 0.0
[15-05-27 01:42:00]accessor_two.ClassOneImpl.methodTwo.SomeException304: Param2 cant be negative!
[15-05-27 01:42:00]accessor_two.ClassOneImpl.methodTwo.SomeException304: Param2 cant be positive!
[15-05-27 01:42:57]accessor_two.ClassOneImplBase ("a2c1")
[15-05-27 01:42:57]accessor_two.ClassOneImpl.methodOne:a2c1: params(RemoteCall!:300.1) return: -300.1
[15-05-27 01:42:57]accessor_two.ClassOneImpl.methodOne.SomeException112: Param2 cant be negative!
[15-05-27 01:42:57]accessor_two.ClassOneImpl.methodOne:a2c1: params(RemoteCall!:0.0) return: 0.0
[15-05-27 01:42:57]accessor_two.ClassOneImpl.methodTwo.SomeException304: Param2 cant be negative!
[15-05-27 01:42:57]accessor_two.ClassOneImpl.methodTwo.SomeException304: Param2 cant be positive!
[15-05-27 02:27:38]accessor_two.ClassOneImplBase ("a2c1")
[15-05-27 02:27:39]accessor_two.ClassOneImpl.methodOne:a2c1: params(RemoteCall!:300.1) return: -300.1
[15-05-27 02:27:39]accessor_two.ClassOneImpl.methodOne.SomeException112: Param2 cant be negative!
[15-05-27 02:27:39]accessor_two.ClassOneImpl.methodOne:a2c1: params(RemoteCall!:0.0) return: 0.0
[15-05-27 02:27:39]accessor_two.ClassOneImpl.methodTwo.SomeException304: Param2 cant be negative!
[15-05-27 02:27:39]accessor_two.ClassOneImpl.methodTwo.SomeException304: Param2 cant be positive!
[15-05-27 02:35:30]accessor_two.ClassOneImplBase ("a2c1")
[15-05-27 02:35:30]accessor_two.ClassOneImpl.methodOne:a2c1: params(RemoteCall!:300.1) return: -300.1
[15-05-27 02:35:31]accessor_two.ClassOneImpl.methodOne.SomeException112: Param2 cant be negative!
[15-05-27 02:35:31]accessor_two.ClassOneImpl.methodOne:a2c1: params(RemoteCall!:0.0) return: 0.0
[15-05-27 02:35:31]accessor_two.ClassOneImpl.methodTwo.SomeException304: Param2 cant be negative!
[15-05-27 02:35:31]accessor_two.ClassOneImpl.methodTwo.SomeException304: Param2 cant be positive!
[15-05-27 02:36:48]accessor_two.ClassOneImplBase ("a2c1")
[15-05-27 02:36:48]accessor_two.ClassOneImpl.methodOne:a2c1: params(RemoteCall!:300.1) return: -300.1
[15-05-27 02:36:48]accessor_two.ClassOneImpl.methodOne.SomeException112: Param2 cant be negative!
[15-05-27 02:36:48]accessor_two.ClassOneImpl.methodOne:a2c1: params(RemoteCall!:0.0) return: 0.0
[15-05-27 02:36:48]accessor_two.ClassOneImpl.methodTwo.SomeException304: Param2 cant be negative!
[15-05-27 02:36:48]accessor_two.ClassOneImpl.methodTwo.SomeException304: Param2 cant be positive!
[15-05-27 03:00:48]accessor_two.ClassOneImplBase ("a2c1")
[15-05-27 03:00:49]accessor_two.ClassOneImpl.methodOne:a2c1: params(RemoteCall!:300.1) return: -300.1
[15-05-27 03:00:49]accessor_two.ClassOneImpl.methodOne.SomeException112: Param2 cant be negative!
[15-05-27 03:00:49]accessor_two.ClassOneImpl.methodOne:a2c1: params(RemoteCall!:0.0) return: 0.0
[15-05-27 03:00:49]accessor_two.ClassOneImpl.methodTwo.SomeException304: Param2 cant be negative!
[15-05-27 03:00:49]accessor_two.ClassOneImpl.methodTwo.SomeException304: Param2 cant be positive!
[15-05-27 04:43:56]accessor_two.ClassOneImplBase ("a2c1")
[15-05-27 04:43:56]accessor_two.ClassOneImpl.methodOne:a2c1: params(RemoteCall!:300.1) return: -300.1
[15-05-27 04:43:56]accessor_two.ClassOneImpl.methodOne.SomeException112: Param2 cant be negative!
[15-05-27 04:43:56]accessor_two.ClassOneImpl.methodOne:a2c1: params(RemoteCall!:0.0) return: 0.0
[15-05-27 04:43:56]accessor_two.ClassOneImpl.methodTwo.SomeException304: Param2 cant be negative!
[15-05-27 04:43:56]accessor_two.ClassOneImpl.methodTwo.SomeException304: Param2 cant be positive!
[15-05-27 04:44:07]accessor_two.ClassOneImplBase ("a2c1")
[15-05-27 04:44:07]accessor_two.ClassOneImpl.methodOne:a2c1: params(RemoteCall!:300.1) return: -300.1
[15-05-27 04:44:07]accessor_two.ClassOneImpl.methodOne.SomeException112: Param2 cant be negative!
[15-05-27 04:44:07]accessor_two.ClassOneImpl.methodOne:a2c1: params(RemoteCall!:0.0) return: 0.0
[15-05-27 04:44:07]accessor_two.ClassOneImpl.methodTwo.SomeException304: Param2 cant be negative!
[15-05-27 04:44:07]accessor_two.ClassOneImpl.methodTwo.SomeException304: Param2 cant be positive!
[15-05-27 04:44:59]accessor_two.ClassOneImplBase ("a2c1")
[15-05-27 04:44:59]accessor_two.ClassOneImpl.methodOne:a2c1: params(RemoteCall!:300.1) return: -300.1
[15-05-27 04:44:59]accessor_two.ClassOneImpl.methodOne.SomeException112: Param2 cant be negative!
[15-05-27 04:44:59]accessor_two.ClassOneImpl.methodOne:a2c1: params(RemoteCall!:0.0) return: 0.0
[15-05-27 04:44:59]accessor_two.ClassOneImpl.methodTwo.SomeException304: Param2 cant be negative!
[15-05-27 04:44:59]accessor_two.ClassOneImpl.methodTwo.SomeException304: Param2 cant be positive!
[15-05-27 04:45:36]accessor_two.ClassOneImplBase ("a2c1")
[15-05-27 04:45:36]accessor_two.ClassOneImpl.methodOne:a2c1: params(RemoteCall!:300.1) return: -300.1
[15-05-27 04:45:36]accessor_two.ClassOneImpl.methodOne.SomeException112: Param2 cant be negative!
[15-05-27 04:45:36]accessor_two.ClassOneImpl.methodOne:a2c1: params(RemoteCall!:0.0) return: 0.0
[15-05-27 04:45:36]accessor_two.ClassOneImpl.methodTwo.SomeException304: Param2 cant be negative!
[15-05-27 04:45:36]accessor_two.ClassOneImpl.methodTwo.SomeException304: Param2 cant be positive!
