[15-05-27 12:26:56]accessor_one.ClassOneImplBase ("a1c1")
[15-05-27 12:26:56]accessor_one.ClassOneImpl.methodOne:a1c1: params(hi there!:567) return: hi there!568
[15-05-27 12:26:56]accessor_one.ClassOneImpl.methodOne.SomeException112: Param2 was to leet!
[15-05-27 12:26:56]accessor_one.ClassTwoImpl.methodOne:a1c2params(:5.0) return: 5
[15-05-27 12:26:56]accessor_one.ClassTwoImpl.methodOne.SomeException110: You cant write numbers above 1336!
[15-05-27 12:26:56]accessor_one.ClassTwoImpl.methodTwo.SomeException112: 50 / 50 chance. You failed!
[15-05-27 12:29:52]accessor_one.ClassOneImplBase ("a1c1")
[15-05-27 12:29:52]accessor_one.ClassOneImpl.methodOne:a1c1: params(hi there!:567) return: hi there!568
[15-05-27 12:29:52]accessor_one.ClassOneImpl.methodOne.SomeException112: Param2 was to leet!
[15-05-27 12:29:52]accessor_one.ClassTwoImpl.methodOne:a1c2params(:5.0) return: 5
[15-05-27 12:29:52]accessor_one.ClassTwoImpl.methodOne.SomeException110: You cant write numbers above 1336!
[15-05-27 12:29:52]accessor_one.ClassTwoImpl.methodTwo.SomeException112: 50 / 50 chance. You failed!
[15-05-27 12:44:38]accessor_one.ClassOneImplBase ("a1c1")
[15-05-27 12:44:38]accessor_one.ClassOneImpl.methodOne:a1c1: params(hi there!:567) return: hi there!568
[15-05-27 12:44:38]accessor_one.ClassOneImpl.methodOne.SomeException112: Param2 was to leet!
[15-05-27 12:44:38]accessor_one.ClassTwoImpl.methodOne:a1c2params(:5.0) return: 5
[15-05-27 12:44:38]accessor_one.ClassTwoImpl.methodOne.SomeException110: You cant write numbers above 1336!
[15-05-27 12:44:38]accessor_one.ClassTwoImpl.methodTwo:a1c2 return: 1337.3
[15-05-27 01:02:39]accessor_one.ClassOneImplBase ("a1c1")
[15-05-27 01:02:39]accessor_one.ClassOneImpl.methodOne:a1c1: params(hi there!:567) return: hi there!568
[15-05-27 01:02:39]accessor_one.ClassOneImpl.methodOne.SomeException112: Param2 was to leet!
[15-05-27 01:02:39]accessor_one.ClassTwoImpl.methodOne:a1c2params(:5.0) return: 5
[15-05-27 01:02:39]accessor_one.ClassTwoImpl.methodOne.SomeException110: You cant write numbers above 1336!
[15-05-27 01:02:39]accessor_one.ClassTwoImpl.methodTwo:a1c2 return: 1337.3
[15-05-27 01:05:56]accessor_one.ClassOneImplBase ("a1c1")
[15-05-27 01:05:56]accessor_one.ClassOneImpl.methodOne:a1c1: params(hi there!:567) return: hi there!568
[15-05-27 01:05:56]accessor_one.ClassOneImpl.methodOne.SomeException112: Param2 was to leet!
[15-05-27 01:05:56]accessor_one.ClassTwoImpl.methodOne:a1c2params(:5.0) return: 5
[15-05-27 01:05:56]accessor_one.ClassTwoImpl.methodOne.SomeException110: You cant write numbers above 1336!
[15-05-27 01:05:56]accessor_one.ClassTwoImpl.methodTwo:a1c2 return: 1337.3
[15-05-27 01:38:07]accessor_one.ClassOneImplBase ("a1c1")
[15-05-27 01:38:07]accessor_one.ClassOneImpl.methodOne:a1c1: params(hi there!:567) return: hi there!568
[15-05-27 01:38:07]accessor_one.ClassOneImpl.methodOne.SomeException112: Param2 was to leet!
[15-05-27 01:38:07]accessor_one.ClassTwoImpl.methodOne:a1c2params(:5.0) return: 5
[15-05-27 01:38:07]accessor_one.ClassTwoImpl.methodOne.SomeException110: You cant write numbers above 1336!
[15-05-27 01:38:07]accessor_one.ClassTwoImpl.methodTwo.SomeException112: 50 / 50 chance. You failed!
[15-05-27 01:42:00]accessor_one.ClassOneImplBase ("a1c1")
[15-05-27 01:42:00]accessor_one.ClassOneImpl.methodOne:a1c1: params(hi there!:567) return: hi there!568
[15-05-27 01:42:00]accessor_one.ClassOneImpl.methodOne.SomeException112: Param2 was to leet!
[15-05-27 01:42:00]accessor_one.ClassTwoImpl.methodOne:a1c2params(:5.0) return: 5
[15-05-27 01:42:00]accessor_one.ClassTwoImpl.methodOne.SomeException110: You cant write numbers above 1336!
[15-05-27 01:42:00]accessor_one.ClassTwoImpl.methodTwo:a1c2 return: 1337.3
[15-05-27 01:42:57]accessor_one.ClassOneImplBase ("a1c1")
[15-05-27 01:42:57]accessor_one.ClassOneImpl.methodOne:a1c1: params(hi there!:567) return: hi there!568
[15-05-27 01:42:57]accessor_one.ClassOneImpl.methodOne.SomeException112: Param2 was to leet!
[15-05-27 01:42:57]accessor_one.ClassTwoImpl.methodOne:a1c2params(:5.0) return: 5
[15-05-27 01:42:57]accessor_one.ClassTwoImpl.methodOne.SomeException110: You cant write numbers above 1336!
[15-05-27 01:42:57]accessor_one.ClassTwoImpl.methodTwo.SomeException112: 50 / 50 chance. You failed!
[15-05-27 02:27:38]accessor_one.ClassOneImplBase ("a1c1")
[15-05-27 02:27:38]accessor_one.ClassOneImpl.methodOne:a1c1: params(hi there!:567) return: hi there!568
[15-05-27 02:27:38]accessor_one.ClassOneImpl.methodOne.SomeException112: Param2 was to leet!
[15-05-27 02:27:38]accessor_one.ClassTwoImpl.methodOne:a1c2params(:5.0) return: 5
[15-05-27 02:27:38]accessor_one.ClassTwoImpl.methodOne.SomeException110: You cant write numbers above 1336!
[15-05-27 02:27:38]accessor_one.ClassTwoImpl.methodTwo:a1c2 return: 1337.3
[15-05-27 02:35:30]accessor_one.ClassOneImplBase ("a1c1")
[15-05-27 02:35:30]accessor_one.ClassOneImpl.methodOne:a1c1: params(hi there!:567) return: hi there!568
[15-05-27 02:35:30]accessor_one.ClassOneImpl.methodOne.SomeException112: Param2 was to leet!
[15-05-27 02:35:30]accessor_one.ClassTwoImpl.methodOne:a1c2params(:5.0) return: 5
[15-05-27 02:35:30]accessor_one.ClassTwoImpl.methodOne.SomeException110: You cant write numbers above 1336!
[15-05-27 02:35:30]accessor_one.ClassTwoImpl.methodTwo.SomeException112: 50 / 50 chance. You failed!
[15-05-27 02:36:48]accessor_one.ClassOneImplBase ("a1c1")
[15-05-27 02:36:48]accessor_one.ClassOneImpl.methodOne:a1c1: params(hi there!:567) return: hi there!568
[15-05-27 02:36:48]accessor_one.ClassOneImpl.methodOne.SomeException112: Param2 was to leet!
[15-05-27 02:36:48]accessor_one.ClassTwoImpl.methodOne:a1c2params(:5.0) return: 5
[15-05-27 02:36:48]accessor_one.ClassTwoImpl.methodOne.SomeException110: You cant write numbers above 1336!
[15-05-27 02:36:48]accessor_one.ClassTwoImpl.methodTwo:a1c2 return: 1337.3
[15-05-27 03:00:48]accessor_one.ClassOneImplBase ("a1c1")
[15-05-27 03:00:49]accessor_one.ClassOneImpl.methodOne:a1c1: params(hi there!:567) return: hi there!568
[15-05-27 03:00:49]accessor_one.ClassOneImpl.methodOne.SomeException112: Param2 was to leet!
[15-05-27 03:00:49]accessor_one.ClassTwoImpl.methodOne:a1c2params(:5.0) return: 5
[15-05-27 03:00:49]accessor_one.ClassTwoImpl.methodOne.SomeException110: You cant write numbers above 1336!
[15-05-27 03:00:49]accessor_one.ClassTwoImpl.methodTwo.SomeException112: 50 / 50 chance. You failed!
[15-05-27 04:43:56]accessor_one.ClassOneImplBase ("a1c1")
[15-05-27 04:43:56]accessor_one.ClassOneImpl.methodOne:a1c1: params(hi there!:567) return: hi there!568
[15-05-27 04:43:56]accessor_one.ClassOneImpl.methodOne.SomeException112: Param2 was to leet!
[15-05-27 04:43:56]accessor_one.ClassTwoImpl.methodOne:a1c2params(:5.0) return: 5
[15-05-27 04:43:56]accessor_one.ClassTwoImpl.methodOne.SomeException110: You cant write numbers above 1336!
[15-05-27 04:43:56]accessor_one.ClassTwoImpl.methodTwo:a1c2 return: 1337.3
[15-05-27 04:44:07]accessor_one.ClassOneImplBase ("a1c1")
[15-05-27 04:44:07]accessor_one.ClassOneImpl.methodOne:a1c1: params(hi there!:567) return: hi there!568
[15-05-27 04:44:07]accessor_one.ClassOneImpl.methodOne.SomeException112: Param2 was to leet!
[15-05-27 04:44:07]accessor_one.ClassTwoImpl.methodOne:a1c2params(:5.0) return: 5
[15-05-27 04:44:07]accessor_one.ClassTwoImpl.methodOne.SomeException110: You cant write numbers above 1336!
[15-05-27 04:44:07]accessor_one.ClassTwoImpl.methodTwo:a1c2 return: 1337.3
[15-05-27 04:44:59]accessor_one.ClassOneImplBase ("a1c1")
[15-05-27 04:44:59]accessor_one.ClassOneImpl.methodOne:a1c1: params(hi there!:567) return: hi there!568
[15-05-27 04:44:59]accessor_one.ClassOneImpl.methodOne.SomeException112: Param2 was to leet!
[15-05-27 04:44:59]accessor_one.ClassTwoImpl.methodOne:a1c2params(:5.0) return: 5
[15-05-27 04:44:59]accessor_one.ClassTwoImpl.methodOne.SomeException110: You cant write numbers above 1336!
[15-05-27 04:44:59]accessor_one.ClassTwoImpl.methodTwo:a1c2 return: 1337.3
[15-05-27 04:45:36]accessor_one.ClassOneImplBase ("a1c1")
[15-05-27 04:45:36]accessor_one.ClassOneImpl.methodOne:a1c1: params(hi there!:567) return: hi there!568
[15-05-27 04:45:36]accessor_one.ClassOneImpl.methodOne.SomeException112: Param2 was to leet!
[15-05-27 04:45:36]accessor_one.ClassTwoImpl.methodOne:a1c2params(:5.0) return: 5
[15-05-27 04:45:36]accessor_one.ClassTwoImpl.methodOne.SomeException110: You cant write numbers above 1336!
[15-05-27 04:45:36]accessor_one.ClassTwoImpl.methodTwo:a1c2 return: 1337.3
