'starter1@STUDIUM.HAW.1X' Startzeit: "05.05 10:20:42,222|" mit PID <0.40.0>
ggt.cfg geöffnet...
ggt.cfg gelesen...
Namensdiesnst undefined gebunden...
'STARTER1@STUDIUM.HAW.1X' Startzeit: "05.05 10:24:55,728|" mit PID <0.38.0>
ggt.cfg geöffnet...
ggt.cfg gelesen...
Namensdiesnst undefined gebunden...
'STARTER1@STUDIUM.HAW.1X' Startzeit: "05.05 10:25:03,586|" mit PID <0.51.0>
ggt.cfg geöffnet...
ggt.cfg gelesen...
Namensdiesnst <7208.42.0> gebunden...
'STARTER1@STUDIUM.HAW.1X' Startzeit: "05.05 10:25:57,397|" mit PID <0.38.0>
ggt.cfg geöffnet...
ggt.cfg gelesen...
'STARTER1@STUDIUM.HAW.1X' Startzeit: "05.05 10:26:37,054|" mit PID <0.38.0>
ggt.cfg geöffnet...
ggt.cfg gelesen...
Namensdiesnst undefined gebunden...
'STARTER1@STUDIUM.HAW.1X' Startzeit: "05.05 10:26:41,382|" mit PID <0.51.0>
ggt.cfg geöffnet...
ggt.cfg gelesen...
Namensdiesnst <7208.42.0> gebunden...
'STARTER1@STUDIUM.HAW.1X' Startzeit: "05.05 10:27:19,488|" mit PID <0.38.0>
ggt.cfg geöffnet...
ggt.cfg gelesen...
Namensdiesnst <7208.42.0> gebunden...
